1,0,5.798553,1.701807,0.052652,3.989925,0.087063
1,1,10.507246,3.306189,0.175705,7.114239,0.099114
1,2,6.659441,1.836098,0.241678,4.784684,0.132638
1,3,6.972528,2.166032,0.006973,4.798046,0.055741
1,4,5.407287,1.683458,0.000671,3.685407,0.050040
1,5,8.020480,2.441814,0.002447,5.464451,0.143078
1,6,5.206326,1.596082,0.032336,3.513361,0.108632
1,7,10.924252,3.465513,0.006950,7.414701,0.069078
1,8,9.479206,2.961062,0.120750,6.489568,0.074683
1,9,7.133848,2.203528,0.032514,4.855654,0.028484
1,10,5.606233,1.584723,0.026225,3.973622,0.035869
1,11,6.169915,2.013478,0.065886,4.087851,0.059290
1,12,4.546268,1.443135,0.002976,3.097714,0.009219
1,13,6.717914,2.056502,0.056594,4.654312,0.064426
1,14,8.296548,2.693446,0.064890,5.589400,0.113394
1,15,8.720154,2.875753,0.078865,5.843027,0.041576
1,16,5.273273,1.671979,0.075271,3.560821,0.040703
1,17,4.973680,1.529402,0.057584,3.428477,0.063783
1,18,5.596960,1.625514,0.015202,3.881776,0.046838
1,19,7.707788,2.364768,0.015718,5.303705,0.063371
1,20,3.898571,1.348911,0.004856,2.539809,0.038063
1,21,6.664165,1.980104,0.040654,4.648693,0.041140
1,22,6.893287,2.212243,0.062014,4.570701,0.094203
1,23,8.235253,2.446640,0.042000,5.672132,0.023983
1,24,5.011699,1.400014,0.011179,3.532746,0.050542
1,25,4.620687,1.313470,0.087605,3.239602,0.088337
1,26,8.291140,2.911508,0.029616,5.350068,0.027023
1,27,7.143886,2.319503,0.112196,4.800138,0.073145
1,28,7.238232,2.240098,0.000344,4.965996,0.013152
1,29,6.525382,1.995409,0.043095,4.451372,0.079499
1,30,8.226635,2.166884,0.000402,5.872833,0.102693
1,31,6.991572,2.133307,0.011957,4.856040,0.011291
1,32,5.904222,1.843040,0.009004,4.051064,0.014790
1,33,5.250743,1.784670,0.009852,3.435180,0.012409
1,34,4.409525,1.399927,0.008851,2.999955,0.008784
1,35,5.514846,1.795143,0.036883,3.711615,0.047176
1,36,8.979958,2.695698,0.064453,6.241744,0.075851
1,37,9.013268,2.618035,0.016287,6.368243,0.008607
1,38,5.710019,1.698179,0.056153,4.005115,0.032720
1,39,9.288741,2.823794,0.017940,6.455749,0.053814
1,40,5.221026,1.666524,0.095014,3.535803,0.080893
1,41,3.795863,1.183123,0.042338,2.575523,0.035819
1,42,5.539629,1.741974,0.105610,3.779650,0.057997
1,43,7.026815,2.061278,0.049001,4.956531,0.028950
1,44,5.056468,1.549505,0.012517,3.497716,0.016042
1,45,6.165029,2.039014,0.001813,4.109268,0.002588
1,46,6.655725,2.079773,0.023367,4.548415,0.042060
1,47,7.172866,1.960461,0.066309,5.190743,0.050547
1,48,4.713322,1.602769,0.009557,3.091284,0.017091
1,49,6.195445,1.831556,0.071026,4.360498,0.096311
1,50,8.862095,2.946593,0.017169,5.847555,0.011405
1,51,4.999947,1.589514,0.065869,3.392611,0.058664
1,52,5.767699,1.832967,0.054394,3.791469,0.039076
1,53,4.795258,1.492217,0.027686,3.259953,0.063953
1,54,12.300009,3.678934,0.038633,8.523300,0.053413
1,55,5.238540,1.615782,0.005760,3.577698,0.056762
1,56,6.484700,1.904989,0.000516,4.573647,0.019402
1,57,4.636576,1.397071,0.056854,3.218552,0.046731
1,58,7.404826,2.148933,0.119500,5.240280,0.066541
1,59,7.743660,2.333521,0.005762,5.336760,0.033872
1,60,5.268503,1.493382,0.002133,3.761652,0.005052
1,61,4.554397,1.394851,0.136087,3.149771,0.072252
1,62,6.144103,1.958209,0.065041,4.184483,0.098829
1,63,6.485659,2.137290,0.057241,4.323589,0.028918
1,64,6.165913,1.813888,0.338068,4.333367,0.190206
1,65,4.854581,1.485727,0.010446,3.261318,0.058579
1,66,4.158082,1.249628,0.291703,2.814076,0.183751
1,67,5.110482,1.541612,0.178350,3.555180,0.102406
1,68,6.257541,2.039238,0.066772,4.206623,0.034759
1,69,5.273739,1.624201,0.026646,3.633487,0.018322
1,70,3.985770,1.293293,0.022427,2.658455,0.032697
1,71,5.397458,1.620505,0.009770,3.698443,0.067712
1,72,8.041567,2.403346,0.029811,5.579047,0.029133
1,73,10.194872,3.404369,0.103677,6.733727,0.059875
1,74,5.149559,1.590425,0.030100,3.547580,0.044947
1,75,6.109698,1.888417,0.002392,4.190087,0.050266
1,76,4.902891,1.407204,0.039129,3.461113,0.038979
1,77,6.058445,1.815305,0.035504,4.122125,0.045301
1,78,6.517352,1.991564,0.008774,4.340197,0.064066
1,79,3.927681,1.113626,0.002519,2.726572,0.074634
1,80,6.206759,1.840204,0.135895,4.287405,0.124191
1,81,6.256706,1.924276,0.019130,4.316800,0.022821
1,82,6.046174,1.797922,0.033122,4.246096,0.034902
1,83,5.130892,1.581645,0.035767,3.495028,0.025821
1,84,6.934004,1.981576,0.105624,4.922686,0.061666
1,85,8.039484,2.574192,0.168855,5.342489,0.173860
1,86,4.298333,1.295618,0.031429,2.951492,0.078890
1,87,4.425699,1.327071,0.020065,3.059252,0.022077
1,88,4.781332,1.723189,0.021390,2.893964,0.075618
1,89,6.493338,2.147900,0.064779,4.269624,0.090448
1,90,4.783071,1.829546,0.045995,2.946008,0.026085
1,91,4.852798,1.553360,0.042109,3.269987,0.034219
1,92,4.969915,1.455189,0.119574,3.501610,0.076349
1,93,7.335260,2.330545,0.170385,4.955046,0.108983
1,94,7.149888,2.321877,0.062052,4.822290,0.050190
1,95,8.863583,2.674124,0.008323,6.125257,0.041330
1,96,5.641363,1.734642,0.020858,3.812834,0.097988
1,97,4.920630,1.575442,0.004500,3.250721,0.060216
1,98,6.966533,2.305373,0.041597,4.604511,0.067861
1,99,5.082565,1.587165,0.040604,3.481558,0.034315
1,100,8.230913,2.576880,0.003436,5.635241,0.007773
1,101,5.257282,1.693680,0.207826,3.530125,0.114864
1,102,6.982743,2.126660,0.067580,4.849602,0.042614
1,103,5.399434,1.595864,0.060103,3.776615,0.056722
1,104,7.246970,2.361756,0.000089,4.874788,0.011911
1,105,5.940097,1.878590,0.031536,3.987117,0.037948
1,106,5.697790,1.683697,0.095302,3.961585,0.062676
1,107,10.041321,2.803380,0.020509,7.235016,0.019690
1,108,5.467910,1.614127,0.010857,3.830341,0.012494
1,109,7.697793,2.479044,0.064169,5.174570,0.044753
1,110,4.960444,1.648526,0.074636,3.297572,0.080890
1,111,5.685493,1.880865,0.042867,3.799482,0.024280
1,112,4.713040,1.471495,0.043527,3.237994,0.022570
1,113,4.300485,1.382353,0.089975,2.784743,0.071231
1,114,5.502974,1.762309,0.076338,3.707811,0.063530
1,115,6.584190,2.066889,0.015501,4.480978,0.114440
1,116,11.240734,3.079833,0.054263,8.155772,0.054592
1,117,5.681638,1.727698,0.001987,3.945354,0.016343
1,118,6.889903,2.141219,0.018724,4.746705,0.025523
1,119,4.473514,1.375157,0.111780,3.054853,0.056702
1,120,6.695142,1.960511,0.023818,4.719968,0.017021
1,121,5.739837,1.858592,0.066764,3.847332,0.059787
1,122,5.626754,1.731323,0.019575,3.864104,0.024646
1,123,7.138650,2.278201,0.019075,4.806084,0.025284
1,124,5.144090,1.541357,0.011858,3.498636,0.062474
1,125,5.618382,1.740555,0.027895,3.865858,0.020248
1,126,5.101150,1.547165,0.025049,3.531570,0.026397
1,127,6.085607,2.080646,0.025831,3.986060,0.014897
1,128,6.868829,2.023156,0.013911,4.754251,0.030079
1,129,4.676341,1.416654,0.079346,3.166148,0.044439
1,130,6.468626,2.098621,0.056633,4.257862,0.048925
1,131,5.558410,1.621347,0.110456,3.931275,0.060196
1,132,9.420691,3.198437,0.008168,6.210543,0.020520
1,133,7.308587,2.361407,0.048281,4.884624,0.070819
1,134,6.520998,2.032113,0.057337,4.465712,0.048219
1,135,5.879659,1.750396,0.012279,4.117723,0.009169
1,136,7.290343,2.075104,0.053953,5.211340,0.055863
1,137,4.714730,1.339924,0.001369,3.346763,0.011586
1,138,6.116557,1.896788,0.066748,4.210128,0.045717
1,139,12.268111,4.033505,0.175338,8.202961,0.123787
1,140,4.610368,1.518946,0.062862,3.066610,0.047268
1,141,5.558254,1.491038,0.088901,3.977057,0.089563
1,142,5.604843,1.831823,0.181873,3.727074,0.120005
1,143,5.210546,1.554019,0.060519,3.601954,0.045870
1,144,4.962097,1.543434,0.032371,3.377007,0.037683
1,145,5.206282,1.648834,0.019525,3.556954,0.021986
1,146,5.331754,1.615129,0.008178,3.708436,0.008143
1,147,6.233696,1.765140,0.033175,4.250340,0.021065
1,148,6.628283,2.059798,0.057105,4.461656,0.063411
1,149,6.096966,1.990414,0.030354,4.081139,0.030131
1,150,4.147851,1.264588,0.000331,2.842877,0.012431
1,151,4.911621,1.706295,0.006157,3.194471,0.049053
1,152,5.659062,1.786850,0.090713,3.852890,0.058126
1,153,5.484823,1.880921,0.012489,3.548893,0.032842
1,154,5.227403,1.790750,0.012262,3.364975,0.013680
1,155,8.936194,2.671768,0.030167,6.199654,0.017203
1,156,5.567052,1.684712,0.041870,3.821265,0.041123
1,157,6.059634,1.780481,0.027377,4.232918,0.014455
1,158,6.317816,1.828595,0.007426,4.480494,0.025536
1,159,5.004678,1.590766,0.002960,3.403928,0.007522
1,160,4.687048,1.416186,0.004391,3.266049,0.003747
1,161,6.012774,1.915002,0.001176,4.082764,0.009015
1,162,6.888052,2.093115,0.210330,4.764880,0.118418
1,163,7.373060,2.332959,0.044964,5.021534,0.039606
1,164,7.194842,2.225887,0.066352,4.956001,0.046315
1,165,5.401095,1.619905,0.090473,3.773140,0.048388
1,166,5.624991,1.725471,0.029598,3.867109,0.097195
1,167,5.797956,2.007300,0.017506,3.749777,0.046757
1,168,6.060526,1.875876,0.033128,4.168805,0.038080
1,169,7.588204,1.999363,0.004772,5.587199,0.014369
1,170,5.441147,1.568305,0.001793,3.865459,0.006647
1,171,6.581941,1.801105,0.495708,4.674939,0.290216
1,172,5.155219,1.477955,0.003439,3.636474,0.015773
1,173,6.362394,1.800045,0.026124,4.500943,0.045718
1,174,6.730159,2.188912,0.033052,4.491415,0.031090
1,175,6.465943,2.059041,0.079452,4.380949,0.045674
1,176,5.272459,1.824785,0.040507,3.431615,0.065292
1,177,5.383266,1.679106,0.020647,3.687356,0.013750
1,178,6.110390,1.847509,0.192254,4.238400,0.122137
1,179,10.032441,3.320284,0.072204,6.704052,0.042561
1,180,4.863792,1.370417,0.052308,3.489346,0.045562
1,181,6.470427,1.908280,0.001393,4.473304,0.012511
1,182,4.134064,1.326622,0.025225,2.799610,0.087830
1,183,6.156509,2.009486,0.008099,4.043738,0.081713
1,184,7.080296,2.345396,0.061548,4.672346,0.079546
1,185,4.768424,1.605440,0.011645,3.158081,0.009180
1,186,5.600400,1.713655,0.003300,3.774533,0.068335
1,187,4.455017,1.348330,0.005910,3.081650,0.003878
1,188,6.175752,1.999563,0.067272,4.174704,0.073991
1,189,5.369123,1.704167,0.020546,3.643143,0.024809
1,190,4.195195,1.196824,0.044708,2.991938,0.044048
1,191,5.988043,1.955680,0.030910,3.974808,0.060629
1,192,6.445723,1.917176,0.022330,4.520744,0.032210
1,193,6.277893,1.965447,0.016751,4.307843,0.030342
1,194,6.503171,2.039366,0.010916,4.462487,0.015689
1,195,5.575030,1.813293,0.065538,3.746909,0.065727
1,196,5.043240,1.520723,0.016442,3.469843,0.033670
1,197,6.573792,1.823050,0.013826,4.682364,0.015795
1,198,5.173713,1.531028,0.002437,3.629870,0.018700
1,199,6.085729,1.756882,0.117778,4.306986,0.059739
1,200,4.453035,1.509804,0.001683,2.939790,0.012701
1,201,5.185852,1.677646,0.012952,3.504359,0.008583
1,202,6.201980,1.592138,0.029762,4.518661,0.056344
1,203,5.675910,1.615328,0.009775,3.925683,0.080042
1,204,5.030763,1.390677,0.026565,3.576498,0.035452
1,205,4.944401,1.674749,0.048784,3.256135,0.048339
1,206,5.921935,1.854818,0.036668,4.065887,0.023507
1,207,5.003076,1.390923,0.067233,3.606463,0.044383
1,208,7.430892,2.233524,0.009315,5.180544,0.010516
1,209,10.937763,3.422282,0.022739,7.497661,0.018630
1,210,5.469958,1.736362,0.099083,3.720660,0.057532
1,211,5.169486,1.467801,0.015646,3.688021,0.021199
1,212,5.638107,1.706255,0.005839,3.929990,0.007755
1,213,10.336160,3.354885,0.027982,6.944909,0.035974
1,214,6.762779,2.143770,0.005250,4.591290,0.010395
1,215,6.114392,2.020776,0.038680,4.061244,0.037161
1,216,8.904121,2.731964,0.036549,6.103594,0.059764
1,217,8.625076,2.763606,0.013838,5.827602,0.008850
1,218,3.761232,1.096531,0.011077,2.633086,0.051922
1,219,6.731664,2.230345,0.054271,4.440636,0.044358
1,220,9.358558,2.736542,0.057877,6.517361,0.063571
1,221,5.430810,1.647925,0.013914,3.750148,0.046081
1,222,6.768908,2.210445,0.000321,4.544580,0.004215
1,223,4.721692,1.405076,0.148377,3.134239,0.112755
1,224,7.087137,2.395288,0.066255,4.670600,0.083620
1,225,4.690650,1.573815,0.027002,2.976950,0.026764
1,226,5.552185,1.738843,0.030098,3.767364,0.015407
1,227,8.329734,2.597405,0.133242,5.706974,0.081020
1,228,8.675692,2.534852,0.049666,6.126957,0.056672
1,229,5.227840,1.654610,0.045790,3.570393,0.024281
1,230,5.461759,1.742586,0.064760,3.668820,0.053774
1,231,5.508262,1.788017,0.066786,3.718806,0.043851
1,232,4.487244,1.470667,0.015744,3.014604,0.009295
1,233,4.795604,1.382344,0.012591,3.399374,0.014170
1,234,5.528391,1.675579,0.005903,3.790806,0.004883
1,235,9.273989,2.615550,0.007863,6.630888,0.047715
1,236,5.622025,1.613354,0.009126,3.988258,0.017528
1,237,6.279556,1.772457,0.028302,4.440859,0.069373
1,238,6.689107,1.951837,0.024197,4.721324,0.050000
1,239,7.014387,2.232718,0.038493,4.780115,0.021640
1,240,6.352314,1.635079,0.029941,4.686432,0.037954
1,241,5.770153,1.871350,0.001275,3.884241,0.004585
1,242,8.740883,2.750808,0.369096,5.984939,0.206668
1,243,6.261701,1.646480,0.082688,4.598878,0.048824
1,244,7.173787,2.130352,0.070805,4.980316,0.070292
1,245,9.055378,2.865967,0.133290,6.076265,0.148793
1,246,7.508963,2.323172,0.024470,5.088697,0.065861
1,247,8.204952,2.505622,0.060731,5.662455,0.110606
1,248,6.313856,1.864756,0.007735,4.446587,0.004015
1,249,5.909910,1.882725,0.068531,3.995425,0.055937
1,250,4.823795,1.429464,0.123407,3.289934,0.105554
1,251,5.998066,1.891972,0.185021,3.964571,0.099102
1,252,4.827321,1.351662,0.009200,3.384031,0.025545
1,253,7.234287,2.322874,0.013895,4.868241,0.047668
1,254,5.639500,1.740776,0.056498,3.751962,0.048091
1,255,6.172518,1.819323,0.021045,4.352391,0.016493
1,256,4.503788,1.378906,0.032335,3.118759,0.019306
1,257,5.858027,1.876755,0.184106,3.975611,0.097329
1,258,5.138555,1.536823,0.010126,3.541221,0.033103
1,259,5.078129,1.644889,0.081351,3.398607,0.041160
1,260,5.443233,1.834473,0.020098,3.588864,0.019789
1,261,5.814952,1.891293,0.003700,3.869282,0.005563
1,262,5.017242,1.653379,0.009745,3.341952,0.017073
1,263,5.269440,1.601292,0.000581,3.663810,0.009795
1,264,4.832169,1.598960,0.075254,3.159150,0.048485
1,265,6.715051,1.910739,0.022853,4.775359,0.029901
1,266,6.072546,2.125259,0.007401,3.908339,0.009253
1,267,7.302661,2.423886,0.033897,4.850260,0.035450
1,268,4.711142,1.414036,0.008832,3.083251,0.106232
1,269,4.244170,1.354668,0.014521,2.877865,0.018164
1,270,7.144780,2.192376,0.060283,4.949743,0.035313
1,271,6.511003,2.188437,0.019410,4.314476,0.029034
1,272,6.858898,2.149519,0.016711,4.700334,0.010728
1,273,4.487530,1.412209,0.007114,3.046407,0.006589
1,274,4.946285,1.548901,0.071102,3.377409,0.035888
1,275,4.897134,1.489323,0.072169,3.383871,0.058882
1,276,5.263908,1.563303,0.001427,3.694556,0.027912
1,277,7.075562,2.249814,0.026450,4.813124,0.064647
1,278,5.377772,1.751234,0.008970,3.617930,0.011581
1,279,4.347561,1.411133,0.001573,2.931405,0.077715
1,280,4.412521,1.358903,0.022790,3.041002,0.023156
1,281,6.649757,2.143039,0.378446,4.505704,0.191043
1,282,7.636488,2.472265,0.088286,5.160111,0.044328
1,283,7.306018,2.347024,0.020741,4.927314,0.072891
1,284,8.520670,2.732754,0.005237,5.673728,0.007807
1,285,7.216310,2.361861,0.079747,4.835637,0.040301
1,286,4.875342,1.599862,0.010478,3.274133,0.009263
1,287,4.288713,1.358382,0.084279,2.917961,0.100960
1,288,8.122208,2.710119,0.009802,5.395118,0.013121
1,289,5.537703,1.760016,0.056611,3.649440,0.031845
1,290,4.834894,1.383396,0.078538,3.400519,0.054074
1,291,5.274046,1.596180,0.206225,3.651320,0.104215
1,292,5.183045,1.462898,0.075410,3.713312,0.052966
1,293,6.358778,2.031229,0.057049,4.313685,0.028708
1,294,5.679596,1.795984,0.006436,3.825875,0.016871
1,295,4.870446,1.419620,0.005232,3.442019,0.011997
1,296,5.753141,1.665729,0.194803,4.080448,0.145887
1,297,4.906588,1.591573,0.050788,3.295440,0.033105
1,298,6.104003,1.852943,0.003906,4.249111,0.004461
1,299,8.018362,2.615752,0.018210,5.381250,0.024330
1,300,7.924897,2.272138,0.010556,5.641380,0.008899
1,301,5.908876,1.748546,0.054758,4.134854,0.040709
1,302,6.882877,2.089919,0.045881,4.775611,0.050560
1,303,4.152228,1.356463,0.188462,2.778863,0.113939
1,304,7.972038,2.300392,0.048209,5.643702,0.031655
1,305,9.179637,2.695052,0.235338,6.484093,0.140922
1,306,6.107200,1.840139,0.042647,4.262221,0.044381
1,307,5.003070,1.624524,0.007015,3.374065,0.003643
1,308,10.005764,3.407543,0.113459,6.592688,0.097788
1,309,5.667516,1.801646,0.104730,3.813745,0.067555
1,310,5.985055,2.026464,0.360045,3.957220,0.183334
1,311,5.752917,1.376047,0.018216,4.374776,0.056033
1,312,10.135836,3.115119,0.025897,7.020053,0.063518
1,313,8.605418,2.393396,0.067751,6.180658,0.080404
1,314,5.074027,1.638434,0.001842,3.425835,0.001941
1,315,4.373388,1.481963,0.039816,2.885663,0.050593
1,316,4.737006,1.401004,0.023696,3.330033,0.012366
1,317,4.781977,1.382337,0.171200,3.311993,0.090861
1,318,5.401801,1.611354,0.082908,3.775250,0.044483
1,319,6.033675,1.972134,0.029574,4.054442,0.051907
1,320,3.470536,1.096403,0.080960,2.373140,0.070320
1,321,6.217167,2.039473,0.008746,4.166446,0.021545
1,322,7.614047,2.423582,0.022596,5.190238,0.013418
1,323,6.259864,2.138985,0.057879,4.115734,0.036706
1,324,7.897741,2.289230,0.026637,5.590981,0.023095
1,325,5.927343,1.585357,0.105713,4.302434,0.116761
1,326,7.280998,2.414139,0.011602,4.858966,0.010628
1,327,6.887619,2.236860,0.048873,4.650513,0.033860
1,328,4.541037,1.434697,0.041623,3.094894,0.026568
1,329,7.524793,2.486232,0.016599,5.022636,0.016087
1,330,3.716942,1.184401,0.101243,2.527140,0.055567
1,331,6.178918,2.054524,0.135498,4.102244,0.102579
1,332,7.671633,2.442305,0.011597,5.220533,0.022237
1,333,6.478847,2.122322,0.134184,4.353255,0.085172
1,334,5.472246,1.794020,0.009433,3.647490,0.017141
1,335,5.367360,1.588772,0.018066,3.694270,0.052774
1,336,4.646388,1.579488,0.019906,3.052798,0.091595
1,337,5.880884,1.863030,0.056092,3.981637,0.063781
1,338,5.693575,1.793033,0.024183,3.858749,0.015710
1,339,5.636977,1.923547,0.445629,3.616453,0.239434
1,340,8.086058,2.651314,0.087460,5.346361,0.103542
1,341,5.269654,1.561184,0.004969,3.641159,0.008400
1,342,8.587976,2.693364,0.000613,5.893687,0.037591
1,343,5.599494,1.722116,0.081909,3.865063,0.042456
1,344,8.030945,2.482912,0.111760,5.468063,0.064869
1,345,4.250662,1.250894,0.004057,2.998192,0.004022
1,346,4.194362,1.243305,0.022918,2.895539,0.055431
1,347,6.735365,2.243054,0.567187,4.419003,0.302339
1,348,4.812669,1.407364,0.004983,3.396379,0.014544
1,349,8.545703,2.904523,0.001847,5.612284,0.016179
1,350,5.178978,1.589871,0.001097,3.581974,0.004356
1,351,5.919390,1.854093,0.062988,4.019190,0.105442
1,352,5.375710,1.498414,0.076260,3.848740,0.038719
1,353,5.287181,1.539264,0.004383,3.683406,0.015800
1,354,6.737335,2.214382,0.001928,4.430703,0.019076
1,355,5.988223,1.692058,0.023133,4.263195,0.023474
1,356,5.873129,1.825149,0.067791,4.035003,0.038245
1,357,4.950610,1.361054,0.017918,3.571595,0.015466
1,358,7.289269,2.441270,0.016248,4.844893,0.018052
1,359,5.648983,1.617747,0.013128,4.025537,0.006898
1,360,4.912490,1.685300,0.016939,3.226264,0.037622
1,361,4.641752,1.523099,0.001674,3.117869,0.115886
1,362,4.995841,1.441675,0.030114,3.529686,0.019896
1,363,5.361681,1.516757,0.073807,3.840938,0.048171
1,364,6.765076,2.148571,0.053342,4.579883,0.042809
1,365,6.353711,1.950915,0.000875,4.344388,0.003899
1,366,6.615515,2.350551,0.013764,4.243287,0.007441
1,367,5.746423,1.928956,0.014713,3.813758,0.013766
1,368,4.929647,1.648042,0.022066,3.248704,0.012651
1,369,4.338219,1.342272,0.023074,2.986020,0.036568
1,370,4.634989,1.335580,0.087149,3.288560,0.058356
1,371,6.793046,2.329298,0.017488,4.457566,0.012762
1,372,4.488449,1.287104,0.042512,3.197332,0.021298
1,373,5.134109,1.479630,0.002320,3.629698,0.020716
1,374,7.294132,2.211158,0.078331,5.067412,0.042564
1,375,4.947693,1.578790,0.187153,3.321757,0.107831
1,376,5.379277,1.672087,0.029294,3.683921,0.020372
1,377,7.462192,2.091918,0.070289,5.003428,0.057362
1,378,6.605269,1.988253,0.063353,4.498944,0.050102
1,379,5.126022,1.494873,0.060380,3.601924,0.050243
1,380,5.298664,1.674367,0.010628,3.603324,0.007434
1,381,4.369046,1.400393,0.217519,2.913124,0.115575
1,382,5.184759,1.519507,0.066660,3.614539,0.035206
1,383,5.005687,1.485074,0.001750,3.497670,0.005032
1,384,4.782559,1.596605,0.027449,3.127531,0.019891
1,385,5.333095,1.768400,0.029413,3.551351,0.015303
1,386,4.909040,1.317201,0.111299,3.516101,0.122743
1,387,7.132216,2.343392,0.132537,4.787547,0.070807
1,388,6.592324,2.232106,0.023616,4.349880,0.154574
1,389,7.046795,2.165691,0.025099,4.877207,0.020662
1,390,5.840995,1.670719,0.145320,4.125629,0.075609
1,391,5.644568,1.655165,0.467627,3.832820,0.281915
1,392,5.391169,1.618309,0.006371,3.679669,0.016779
1,393,6.514462,2.188076,0.060713,4.318024,0.032141
1,394,7.845292,2.202994,0.060458,5.274352,0.177720
1,395,5.451828,1.667478,0.031675,3.682045,0.076847
1,396,5.490852,1.696155,0.022890,3.681046,0.130221
1,397,7.791008,2.463729,0.011716,5.185396,0.060723
1,398,5.019452,1.582372,0.035444,3.427307,0.023138
1,399,4.473758,1.435584,0.112391,3.001373,0.121746
1,400,5.293732,1.730002,0.285051,3.456301,0.174114
1,401,5.526267,1.746659,0.469736,3.600261,0.275677
1,402,5.392022,2.023580,0.008738,3.291517,0.005599
1,403,6.550425,2.119297,0.080178,4.405239,0.041639
1,404,5.919362,1.994643,0.031493,3.920413,0.042495
1,405,5.830543,1.803743,0.130125,4.013068,0.096555
1,406,6.586300,2.149744,0.108065,4.387799,0.063149
1,407,5.023924,1.682547,0.077710,3.338486,0.076720
1,408,7.475284,2.219333,0.029226,5.246883,0.061864
1,409,5.992802,1.896603,0.010998,4.059878,0.011503
1,410,7.078644,2.064690,0.961737,4.579090,0.560854
1,411,5.164516,1.627257,0.185804,3.458968,0.132723
1,412,4.736626,1.479203,0.011692,3.185697,0.017556
1,413,8.863834,2.695671,0.013643,6.146646,0.017279
1,414,7.683662,2.376108,0.024641,5.275406,0.012667
1,415,7.754777,2.569245,0.004417,5.173482,0.003413
1,416,5.674232,1.880892,0.017806,3.789298,0.014863
1,417,5.820265,1.572109,0.118053,4.206183,0.080166
1,418,6.066566,2.027653,0.044486,3.990984,0.076713
1,419,4.579489,1.439523,0.020572,2.985139,0.135173
1,420,7.120461,2.346962,0.054921,4.752879,0.035239
1,421,5.209728,1.770463,0.071764,3.378974,0.037386
1,422,4.762338,1.526409,0.133199,3.223568,0.105809
1,423,5.204627,1.688189,0.006086,3.455391,0.069627
1,424,6.471198,2.060505,0.217223,4.361063,0.127358
1,425,6.937661,2.074649,0.003237,4.843000,0.002025
1,426,6.754865,2.267771,0.010178,4.433015,0.015439
1,427,4.912318,1.501841,0.000894,3.363187,0.019995
1,428,4.947439,1.471885,0.047330,3.407027,0.138235
1,429,4.965263,1.480049,0.013760,3.480979,0.020183
1,430,5.092856,1.545666,0.000768,3.527616,0.009962
1,431,5.706805,1.868822,0.000458,3.718254,0.012173
1,432,7.775077,2.423800,0.023693,5.307696,0.067560
1,433,5.363346,1.663801,0.091722,3.569697,0.090256
1,434,6.068796,1.937265,0.137484,4.128690,0.098626
1,435,6.812689,2.142150,0.051552,4.621548,0.047618
1,436,3.992345,1.266623,0.002491,2.654493,0.169952
1,437,6.112127,1.876266,0.124477,4.012910,0.104132
1,438,6.041146,1.879738,0.003094,3.929668,0.043118
1,439,4.360774,1.441370,0.014150,2.831875,0.086656
1,440,4.554393,1.393373,0.008592,3.087662,0.008156
1,441,10.904912,3.747437,0.666563,7.128587,0.340340
1,442,7.000532,2.133249,0.014111,4.861644,0.011124
1,443,6.278815,1.859361,0.037132,4.398766,0.050054
1,444,9.662865,3.053000,0.062944,6.579918,0.046813
1,445,8.871288,2.759519,0.118835,6.063236,0.083402
1,446,5.008453,1.562644,0.052583,3.330246,0.033656
1,447,3.723301,1.068574,0.092851,2.468683,0.216786
1,448,6.430110,2.001278,0.012743,4.422845,0.046341
1,449,4.814320,1.617830,0.128372,3.153528,0.106955
1,450,4.071776,1.176426,0.200168,2.890064,0.123494
1,451,6.082172,1.966172,0.023516,4.115708,0.012219
1,452,5.531103,1.675302,0.082545,3.833586,0.041906
1,453,5.603230,1.441926,0.058634,4.106125,0.029843
1,454,7.083011,2.005218,0.017835,4.988455,0.009306
1,455,3.894226,1.136926,0.095914,2.745787,0.064263
1,456,7.640915,2.762250,0.023789,4.848642,0.155371
1,457,8.115057,2.405612,0.031175,5.625155,0.015672
1,458,5.348305,1.841666,0.057097,3.503380,0.029894
1,459,4.428468,1.454077,0.037143,2.973021,0.029993
1,460,4.683509,1.387026,0.012213,3.118666,0.061803
1,461,5.838611,1.838642,0.214290,3.904585,0.152048
1,462,8.440950,2.819803,0.010261,5.614387,0.031575
1,463,4.315764,1.351398,0.346859,2.963110,0.173460
1,464,4.732446,1.372047,0.017898,3.313563,0.181419
1,465,5.963198,1.730126,0.048920,4.042039,0.126879
1,466,5.883797,1.718121,0.039980,4.047731,0.244308
1,467,4.372523,1.561387,0.054734,2.771588,0.105199
1,468,5.055671,1.446360,0.035996,3.533273,0.021652
1,469,6.788223,2.061039,0.047686,4.690369,0.026141
1,470,7.400927,2.333673,0.036405,5.061368,0.030679
1,471,4.443037,1.481889,0.171338,2.870916,0.093077
1,472,5.543638,1.720492,0.219601,3.801041,0.114208
1,473,5.368367,1.748278,0.111811,3.587642,0.083323
1,474,8.341230,2.828481,0.022104,5.506756,0.014345
1,475,4.254360,1.289445,0.105935,2.914872,0.193914
1,476,6.436664,2.012895,0.003414,4.421730,0.010228
1,477,6.441994,2.125297,0.002997,4.309661,0.004150
1,478,5.212827,1.635995,0.007296,3.554985,0.024468
1,479,5.389570,1.809737,0.004992,3.565316,0.016062
1,480,5.778214,1.611975,0.045617,4.147086,0.050630
1,481,7.306748,2.156055,0.006052,5.133390,0.004921
1,482,5.978490,1.817556,0.008925,4.137892,0.042960
1,483,7.506647,2.158640,0.217643,5.224604,0.147808
1,484,9.208359,2.562543,0.347872,6.634915,0.205995
1,485,4.883241,1.569437,0.028055,3.303708,0.057883
1,486,5.675284,1.813355,0.135727,3.839670,0.081404
1,487,4.007876,1.161622,0.001496,2.798993,0.009420
1,488,7.003614,1.992619,0.177294,4.921842,0.156600
1,489,6.509599,1.909590,0.004818,4.591689,0.021300
1,490,6.163975,2.015025,0.076364,4.145166,0.043121
1,491,4.960342,1.624591,0.025574,3.333544,0.023937
1,492,4.001197,1.330007,0.075199,2.650913,0.038988
1,493,5.030605,1.558495,0.500679,3.467180,0.259361
1,494,4.988410,1.505151,0.315928,3.371817,0.164506
1,495,6.238290,2.000285,0.039719,4.226643,0.034429
1,496,6.949969,2.013754,0.001698,4.933381,0.036800
1,497,6.588140,2.028470,0.121125,4.545885,0.103808
1,498,4.561319,1.308598,0.070976,3.222327,0.140719
1,499,5.757733,1.339141,0.081428,4.384443,0.060652
1,500,5.205380,1.724557,0.007552,3.474395,0.018354
1,501,5.462987,1.645463,0.155038,3.727283,0.080451
1,502,5.980015,1.900101,0.001906,4.050169,0.004485
1,503,6.948440,2.183967,0.174081,4.646914,0.117902
1,504,3.677039,1.223624,0.120901,2.433722,0.066170
1,505,4.580677,1.398093,0.303969,3.108913,0.176865
1,506,10.349072,3.335626,0.025032,7.007419,0.015227
1,507,7.862026,2.373826,0.139411,4.993773,0.196507
1,508,5.168478,1.579494,0.002220,3.581966,0.067027
1,509,6.595096,1.779618,0.011195,4.788728,0.066214
1,510,5.378557,1.393230,0.041801,3.958028,0.115382
1,511,4.732836,1.336859,0.099439,3.383126,0.080444
1,512,5.478207,1.709860,0.206299,3.760460,0.108245
1,513,6.803220,1.871885,0.188034,4.798673,0.098503
1,514,5.266440,1.656987,0.012938,3.376284,0.070675
1,515,6.819780,2.225168,0.016513,4.530074,0.023626
1,516,4.631108,1.458910,0.018181,3.137699,0.068659
1,517,6.392239,1.974994,0.010344,4.394400,0.010055
1,518,5.412467,1.709644,0.020065,3.701695,0.016489
1,519,4.791053,1.406857,0.009925,3.361410,0.031782
1,520,10.462637,3.221465,0.027877,7.138296,0.060044
1,521,8.083113,2.755090,0.012125,5.318749,0.031689
1,522,5.440144,1.708806,0.138542,3.693583,0.135485
1,523,5.718392,1.872846,0.004803,3.813221,0.053804
1,524,6.338905,2.176088,0.002919,4.149969,0.042414
1,525,7.139607,2.368111,0.008615,4.736590,0.005479
1,526,5.486522,1.653321,0.016621,3.749458,0.025446
1,527,7.194737,2.269951,0.007040,4.923959,0.003561
1,528,7.498614,2.475302,0.002209,5.021119,0.021471
1,529,5.432766,1.864404,0.063377,3.471432,0.052273
1,530,5.574751,1.683089,0.000469,3.865355,0.000667
1,531,9.075076,2.825502,0.002606,6.165910,0.034152
1,532,5.621339,1.835165,0.017705,3.771374,0.026740
1,533,6.923790,2.175263,0.050574,4.729848,0.066510
1,534,6.909986,2.194690,0.005028,4.690760,0.003090
1,535,7.175936,2.354647,0.054632,4.806843,0.033153
1,536,5.497425,1.769529,0.193534,3.725631,0.110136
1,537,8.971711,2.694883,0.082604,6.142710,0.047897
1,538,7.782050,2.234641,0.110375,5.462108,0.083091
1,539,5.128117,1.689137,0.007256,3.398361,0.155512
1,540,4.414543,1.366247,0.021742,2.871598,0.095638
1,541,4.898674,1.564520,0.024107,3.185129,0.122112
1,542,6.099324,1.710296,0.047090,4.346385,0.072659
1,543,5.279514,1.733264,0.449510,3.532605,0.234732
1,544,5.256562,1.546698,0.058720,3.686776,0.038464
1,545,6.297616,1.914533,0.001130,4.353572,0.005903
1,546,5.791135,1.667514,0.189611,4.089321,0.097556
1,547,9.621967,2.710726,0.073551,6.891988,0.060118
1,548,7.011841,2.127443,0.019226,4.874022,0.011356
1,549,6.517638,2.052765,0.011295,4.458917,0.035138
1,550,3.640719,0.993577,0.003741,2.644768,0.004201
1,551,3.593513,1.056026,0.018631,2.530204,0.110724
1,552,4.543803,1.410687,0.050718,3.086357,0.035863
1,553,5.980329,1.930454,0.011987,3.968624,0.049238
1,554,6.089670,2.024204,0.262259,4.047565,0.158497
1,555,7.668125,2.369377,0.145126,5.072844,0.163854
1,556,6.837022,2.130373,0.124693,4.664424,0.072424
1,557,5.143684,1.609301,0.010487,3.527357,0.012788
1,558,6.660019,2.136003,0.006952,4.514503,0.017565
1,559,6.266330,1.862822,0.057625,4.401155,0.038840
1,560,6.017461,1.689282,0.001555,4.326812,0.005009
1,561,5.405964,1.603085,0.101575,3.798276,0.053142
1,562,7.196627,2.325237,0.023951,4.860160,0.291281
1,563,5.730555,1.848906,0.063280,3.867521,0.062520
1,564,7.144092,2.210153,0.118509,4.931561,0.070430
1,565,4.521167,1.482003,0.318133,3.028666,0.171794
1,566,6.950930,2.257589,0.124908,4.684525,0.097619
1,567,4.847482,1.532709,0.040470,3.297397,0.041095
1,568,6.602777,2.310023,0.017969,4.276182,0.118900
1,569,5.105157,1.445022,0.044900,3.641295,0.128137
1,570,6.799335,2.194236,0.052496,4.603016,0.047063
1,571,5.967215,1.860953,0.005741,4.055919,0.029196
1,572,6.671535,1.721420,0.117630,4.891573,0.063300
1,573,4.370437,1.334833,0.079337,2.966936,0.068632
1,574,4.181935,1.341511,0.012054,2.831154,0.103972
1,575,4.289453,1.479434,0.075532,2.802459,0.059425
1,576,3.882699,1.122202,0.082755,2.755300,0.042246
1,577,6.446397,1.675937,0.025137,4.763621,0.015763
1,578,5.901394,1.955297,0.066912,3.939877,0.063536
1,579,5.146327,1.581324,0.020266,3.537518,0.017245
1,580,4.060661,1.232166,0.015892,2.821157,0.046412
1,581,8.765006,2.937619,0.007804,5.805325,0.070246
1,582,9.322436,2.844338,0.010478,6.457224,0.008239
1,583,3.753604,1.216442,0.010556,2.449376,0.008511
1,584,6.128903,1.897167,0.029383,4.216049,0.029638
1,585,4.167294,1.275893,0.080693,2.829687,0.043737
1,586,5.000012,1.687072,0.011367,3.301508,0.009625
1,587,4.814247,1.543214,0.025433,3.246065,0.021529
1,588,6.457241,2.098742,0.002108,4.350253,0.001522
1,589,5.709704,1.667604,0.100638,4.019796,0.076072
1,590,4.461344,1.428833,0.087885,2.988536,0.057796
1,591,6.246548,1.776899,0.000571,4.464433,0.000677
1,592,3.796218,1.249947,0.009749,2.545700,0.019464
1,593,4.902089,1.597574,0.039444,3.280584,0.022655
1,594,4.713264,1.550958,0.010569,3.149359,0.009607
1,595,4.693494,1.430600,0.095397,3.163471,0.057661
1,596,5.250077,1.612271,0.007111,3.578898,0.006641
1,597,9.500840,3.164297,0.046526,6.294224,0.078427
1,598,5.094224,1.477785,0.001195,3.607129,0.004720
1,599,5.737925,1.858319,0.033697,3.773869,0.034795
1,600,6.355020,2.124841,0.450807,4.173739,0.242689
1,601,4.767950,1.403727,0.018094,3.273041,0.014013
1,602,4.978605,1.490181,0.031751,3.297798,0.060004
1,603,6.602731,2.252944,0.130589,4.173155,0.231613
1,604,5.398345,1.714177,0.010769,3.633231,0.029587
1,605,4.912818,1.616330,0.004031,3.263852,0.010045
1,606,7.274757,2.470494,0.041690,4.774141,0.022616
1,607,4.395568,1.259499,0.005415,3.027685,0.006395
1,608,8.145953,2.590756,0.045518,5.314005,0.119857
1,609,7.395352,2.059855,0.073853,5.296965,0.060267
1,610,6.980017,2.173469,0.038408,4.734728,0.021759
1,611,9.525387,3.096722,0.016912,6.411604,0.012662
1,612,4.105251,1.253142,0.023194,2.840332,0.027626
1,613,4.758162,1.538671,0.067556,3.213418,0.047707
1,614,3.845352,1.129223,0.007298,2.699029,0.037440
1,615,5.636778,1.835524,0.006304,3.716776,0.032649
1,616,5.332437,1.531385,0.023454,3.741335,0.160175
1,617,4.524036,1.404688,0.026535,3.075584,0.110478
1,618,5.683378,1.598545,0.173867,4.052318,0.149137
1,619,4.932182,1.648143,0.004785,3.268846,0.005035
1,620,7.266615,2.149174,0.113439,4.968921,0.085275
1,621,5.941985,1.927388,0.154247,3.909451,0.102892
1,622,6.278671,2.049330,0.737198,4.098704,0.457008
1,623,4.234692,1.369003,0.007824,2.864063,0.009303
1,624,4.939757,1.456662,0.026523,3.398380,0.032133
1,625,6.720147,1.915006,0.280755,4.453303,0.158465
1,626,6.829090,1.975402,0.269544,4.718750,0.225026
1,627,5.700984,1.734058,0.142933,3.952580,0.125662
1,628,4.935007,1.489819,0.043012,3.444775,0.026521
1,629,5.536410,1.680070,0.040596,3.842028,0.023712
1,630,3.760828,1.111953,0.219996,2.611055,0.123109
1,631,5.334557,1.640845,0.050973,3.573981,0.089181
1,632,4.492771,1.367365,0.052589,3.052109,0.044395
1,633,3.645139,1.113216,0.004455,2.522351,0.006226
1,634,5.313607,1.572362,0.008879,3.725684,0.056102
1,635,7.869212,2.457822,0.025105,5.391575,0.017843
1,636,4.868920,1.524732,0.018154,3.269213,0.045538
1,637,7.182351,2.343765,0.005919,4.838513,0.003445
1,638,5.556859,1.734704,0.054158,3.810590,0.036101
1,639,6.375307,1.598323,0.001943,4.698792,0.041037
1,640,6.522395,2.143725,0.000982,4.370195,0.005518
1,641,7.161692,2.031379,0.162100,5.129309,0.086004
1,642,6.052342,1.922887,0.001710,4.117072,0.019998
1,643,8.426435,2.665795,0.075637,5.759307,0.045212
1,644,5.013209,1.546804,0.020452,3.461251,0.012810
1,645,5.085150,1.516444,0.010328,3.520199,0.017897
1,646,5.525064,1.709537,0.077489,3.743962,0.043636
1,647,5.217195,1.399224,0.035998,3.747540,0.109351
1,648,5.460930,1.645616,0.037853,3.799286,0.020723
1,649,5.289627,1.572051,0.010282,3.713421,0.028444
1,650,6.750147,2.294786,0.211305,4.448241,0.128676
1,651,6.526007,2.235421,0.014740,4.276198,0.016466
1,652,8.831144,2.852396,0.001897,5.948980,0.013460
1,653,5.119141,1.559617,0.005282,3.466786,0.019322
1,654,4.482203,1.434908,0.125438,2.987677,0.149250
1,655,6.013719,1.894243,0.053562,4.093672,0.034201
1,656,3.894278,1.274890,0.016702,2.616479,0.012842
1,657,9.418425,2.862665,0.066089,6.549333,0.033608
1,658,6.574997,2.002105,0.010192,4.572464,0.006820
1,659,5.881681,1.800733,0.013457,4.067338,0.015123
1,660,6.343275,2.043372,0.007976,4.260924,0.008545
1,661,6.496879,2.080342,0.085765,4.388444,0.160325
1,662,4.898297,1.535644,0.010844,3.264762,0.010839
1,663,4.960522,1.484903,0.001466,3.460260,0.011965
1,664,7.658226,2.439856,0.020687,5.172655,0.030498
1,665,6.707155,2.114047,0.002351,4.575270,0.001583
1,666,6.042282,1.833428,0.003141,4.204920,0.002843
1,667,4.355636,1.446517,0.006039,2.902267,0.048164
1,668,4.349935,1.365746,0.044959,2.968326,0.026156
1,669,5.984065,1.904008,0.203624,3.886266,0.143606
1,670,6.444601,1.999683,0.005654,4.439710,0.007752
1,671,4.189874,1.247919,0.000202,2.939170,0.042334
1,672,9.635750,2.925387,0.017813,6.702552,0.024103
1,673,6.063134,1.841375,0.004602,4.220126,0.027630
1,674,4.009712,1.125197,0.013762,2.861826,0.052105
1,675,5.157524,1.517828,0.023524,3.612581,0.018074
1,676,5.538588,1.778856,0.017805,3.754743,0.010081
1,677,4.598234,1.399677,0.002647,3.194894,0.002947
1,678,4.666714,1.733483,0.028039,2.910761,0.017451
1,679,6.100774,1.633666,0.002476,4.439052,0.009947
1,680,6.942844,1.976306,0.010168,4.946307,0.019081
1,681,6.294848,1.818628,0.123007,4.457551,0.069733
1,682,5.872686,1.926553,0.003150,3.935530,0.007754
1,683,5.828216,1.742641,0.232454,4.026811,0.158730
1,684,7.531561,2.350239,0.071452,5.173249,0.045839
1,685,5.463328,1.542654,0.048941,3.855685,0.028110
1,686,6.248306,1.910957,0.040082,4.303831,0.022926
1,687,6.164296,1.982751,0.006882,4.168743,0.004290
1,688,6.125541,1.621879,0.053749,4.494079,0.029934
1,689,8.455578,2.835072,0.004063,5.597422,0.008118
1,690,5.546297,1.698949,0.001912,3.837687,0.029016
1,691,6.253232,1.810904,0.093286,4.430552,0.056432
1,692,5.215372,1.487840,0.008204,3.716859,0.041328
1,693,4.945513,1.571868,0.002958,3.364892,0.001572
1,694,6.906651,2.299049,0.014151,4.603731,0.046330
1,695,3.460738,1.088413,0.009789,2.370589,0.007100
1,696,5.498900,1.618391,0.016705,3.879455,0.008893
1,697,5.749601,1.872774,0.011380,3.876583,0.007237
1,698,7.163046,2.255359,0.234771,4.845924,0.119330
1,699,4.969206,1.470217,0.042295,3.493294,0.023654
1,700,7.540183,2.370685,0.003656,5.157538,0.004216
1,701,3.807901,1.234876,0.012566,2.562552,0.013794
1,702,3.252135,1.051154,0.007605,2.193694,0.013103
1,703,7.214479,2.305031,0.011323,4.908733,0.007367
1,704,4.750470,1.366107,0.062081,3.360590,0.047166
1,705,4.337427,1.190274,0.009239,3.129895,0.232167
1,706,8.792417,2.558663,0.007815,6.221375,0.008637
1,707,5.374307,1.646490,0.153040,3.674553,0.076572
1,708,5.537797,1.618927,0.134837,3.762936,0.087721
1,709,4.098821,1.260789,0.141206,2.795774,0.094126
1,710,6.774850,1.988982,0.038865,4.748383,0.019624
1,711,8.609171,2.760137,0.062475,5.843629,0.031330
1,712,7.102140,2.171644,0.067399,4.908937,0.050106
1,713,6.207765,1.877544,0.021091,4.322026,0.037484
1,714,5.732143,1.707360,0.031873,3.961780,0.024832
1,715,4.407825,1.368296,0.027868,2.974697,0.020538
1,716,4.601572,1.438397,0.006477,3.152379,0.005875
1,717,6.216953,1.876381,0.101154,4.291414,0.057318
1,718,7.482070,2.212234,0.000113,5.242033,0.008686
1,719,5.749189,1.934378,0.003276,3.787743,0.033510
1,720,6.949944,2.151026,0.071686,4.774127,0.078030
1,721,9.272154,2.573604,0.009279,6.683545,0.012177
1,722,8.199657,2.689419,0.095023,5.496646,0.052553
1,723,6.433461,2.121439,0.001488,4.242228,0.032912
1,724,5.288233,1.723208,0.120626,3.502672,0.075481
1,725,6.330400,1.990063,0.023339,4.331369,0.015721
1,726,7.246073,2.178579,0.117230,5.063145,0.059311
1,727,6.893438,2.117009,0.093637,4.773609,0.099973
1,728,7.193483,2.022796,0.001256,5.159501,0.002817
1,729,3.766788,1.154311,0.005809,2.607851,0.003828
1,730,6.230615,2.053320,0.243139,4.094920,0.121942
1,731,5.525860,1.588226,0.000867,3.935357,0.001803
1,732,5.152292,1.520023,0.002091,3.596025,0.001948
1,733,4.930385,1.567731,0.002719,3.348682,0.007797
1,734,7.276974,2.350715,0.002885,4.925144,0.007385
1,735,5.893050,1.903426,0.139356,3.964513,0.073781
1,736,3.843810,1.224298,0.005982,2.617516,0.011808
1,737,6.173563,2.063503,0.000140,4.079433,0.018777
1,738,5.837442,1.811356,0.000112,4.018369,0.025840
1,739,5.774754,1.899440,0.003346,3.854737,0.081451
1,740,4.378974,1.465378,0.112439,2.896044,0.064302
1,741,5.413667,1.723139,0.081850,3.664126,0.092791
1,742,4.661210,1.514289,0.129262,3.125421,0.099078
1,743,5.471742,1.562720,0.004312,3.827640,0.014406
1,744,6.589932,2.133251,0.001736,4.456250,0.003730
1,745,4.901302,1.509619,0.034197,3.310741,0.021875
1,746,4.527046,1.315469,0.007893,3.157435,0.146712
1,747,3.921537,1.267926,0.014258,2.608567,0.083812
1,748,7.752296,2.439339,0.007448,5.303601,0.047614
1,749,5.448682,1.749281,0.045850,3.663801,0.033129
1,750,6.046926,1.798956,0.483053,4.240253,0.247046
1,751,5.242453,1.693791,0.034981,3.476198,0.028657
1,752,5.743962,1.917666,0.000467,3.787761,0.006185
1,753,4.814842,1.498566,0.027580,3.274254,0.033153
1,754,8.469165,2.491534,0.034457,5.975418,0.017742
1,755,5.490174,1.747589,0.021368,3.724717,0.021965
1,756,8.103980,2.573595,0.044314,5.523291,0.031094
1,757,4.732848,1.481198,0.149568,3.236429,0.075608
1,758,6.382832,1.851748,0.039874,4.494929,0.020045
1,759,8.224568,2.544336,0.047051,5.675332,0.033733
1,760,5.777504,1.788538,0.010161,3.988895,0.005805
1,761,6.101544,1.795069,0.051512,4.302494,0.034286
1,762,5.666283,1.577271,0.014823,4.085928,0.019155
1,763,6.476464,1.614623,0.069884,4.845672,0.119864
1,764,5.527902,1.667370,0.033469,3.834265,0.016915
1,765,7.855054,2.382803,0.073118,5.414415,0.038063
1,766,4.492136,1.437014,0.326850,3.030760,0.167838
1,767,7.223539,2.422293,0.069997,4.799634,0.075977
1,768,6.068626,1.836824,0.014478,4.223000,0.019520
1,769,4.948634,1.426687,0.072452,3.520702,0.037744
1,770,3.962047,1.123315,0.008885,2.782486,0.015374
1,771,9.890948,3.080293,0.005587,6.629539,0.014491
1,772,6.522976,1.925140,0.011445,4.562614,0.025811
1,773,7.023290,2.199435,0.002359,4.822460,0.024760
1,774,10.530253,3.439702,0.002438,7.089799,0.047414
1,775,3.866184,1.269482,0.014275,2.595848,0.022216
1,776,5.975902,1.774945,0.002526,4.192707,0.051245
1,777,6.424188,2.132282,0.017210,4.261722,0.016796
1,778,5.556100,1.787541,0.009919,3.767473,0.021469
1,779,7.877301,2.141367,0.037570,5.730172,0.030269
1,780,4.974689,1.562566,0.013345,3.362831,0.058303
1,781,6.197911,1.653629,0.055041,4.413198,0.036736
1,782,6.384810,1.689694,0.328091,4.512177,0.203552
1,783,5.010235,1.589422,0.021848,3.380773,0.024674
1,784,6.494466,2.068331,0.010827,4.375373,0.007787
1,785,4.523863,1.294238,0.064746,3.228780,0.065080
1,786,5.182289,1.673335,0.089681,3.492368,0.056471
1,787,5.465789,1.793915,0.042763,3.646146,0.023609
1,788,10.733978,3.369823,0.010282,7.356172,0.015415
1,789,4.708893,1.491220,0.011828,3.189731,0.122197
1,790,6.115590,1.992409,0.003911,4.087583,0.004811
1,791,5.292095,1.672195,0.010917,3.606436,0.016259
1,792,7.188976,2.052480,0.008043,5.130667,0.009858
1,793,6.670330,2.159262,0.000364,4.471419,0.005730
1,794,5.514653,1.548536,0.000742,3.955264,0.006905
1,795,4.959592,1.504117,0.027898,3.397838,0.061903
1,796,4.176720,1.319266,0.044986,2.828452,0.034403
1,797,4.234207,1.228138,0.033636,2.996526,0.084928
1,798,5.323352,1.677960,0.025500,3.642519,0.019014
1,799,3.962117,1.236379,0.014889,2.713807,0.011999
1,800,4.622862,1.390051,0.095754,3.228268,0.054728
1,801,6.904704,2.269940,0.674140,4.626167,0.337830
1,802,5.187412,1.686749,0.064197,3.457322,0.044420
1,803,6.767394,2.121164,0.169661,4.531251,0.124074
1,804,6.110448,1.844989,0.044818,4.027577,0.131053
1,805,4.950115,1.453093,0.003398,3.475646,0.034564
1,806,5.578352,1.675136,0.006026,3.884564,0.015378
1,807,4.345373,1.306178,0.133014,2.976932,0.092595
1,808,4.337422,1.339178,0.044477,2.942492,0.043778
1,809,6.160499,1.939057,0.014852,4.220174,0.010656
1,810,6.768175,1.979303,0.087630,4.783606,0.045775
1,811,6.366786,1.953402,0.008001,4.393907,0.022339
1,812,3.679381,1.132557,0.011486,2.538422,0.046756
1,813,4.538088,1.450220,0.029654,3.013104,0.052417
1,814,5.640032,1.776262,0.011723,3.844264,0.008413
1,815,5.098380,1.707048,0.003351,3.389850,0.059916
1,816,5.748394,1.917399,0.025907,3.827411,0.014013
1,817,5.139417,1.678861,0.057810,3.375757,0.042179
1,818,4.852554,1.359354,0.030324,3.456014,0.046453
1,819,5.018179,1.576418,0.008000,3.433658,0.007553
1,820,4.545299,1.478072,0.020948,3.033060,0.016962
1,821,4.115794,1.211623,0.012024,2.902573,0.033087
1,822,3.709510,1.157452,0.048744,2.536688,0.117523
1,823,6.663773,2.061327,0.002367,4.600481,0.012546
1,824,5.054342,1.592160,0.019033,3.428746,0.022246
1,825,4.132676,1.201836,0.027850,2.903486,0.034430
1,826,6.462893,2.064229,0.000066,4.397194,0.003108
1,827,4.226095,1.343470,0.007999,2.801056,0.073750
1,828,5.101250,1.589954,0.027226,3.482277,0.030598
1,829,5.160002,1.604570,0.001093,3.535504,0.012253
1,830,9.213748,3.217568,0.034822,5.981821,0.021006
1,831,5.733619,1.888349,0.003653,3.844051,0.003159
1,832,4.996933,1.605993,0.050659,3.381443,0.127310
1,833,7.905993,2.572233,0.123455,5.324272,0.065702
1,834,6.035452,2.033139,0.067407,3.997498,0.039199
1,835,5.993742,2.148471,0.011278,3.837229,0.010996
1,836,5.024465,1.708318,0.053049,3.315211,0.041793
1,837,5.908215,2.051274,0.000580,3.830626,0.120323
1,838,5.308164,1.669683,0.021011,3.632942,0.012018
1,839,6.592593,2.120507,0.021158,4.425056,0.011944
1,840,7.193268,2.186882,0.020069,5.004506,0.016617
1,841,5.405203,1.646464,0.016790,3.718543,0.046002
1,842,4.888319,1.593137,0.048525,3.278996,0.048324
1,843,4.280849,1.321091,0.008124,2.953668,0.008578
1,844,5.755209,1.813069,0.026804,3.941720,0.028281
1,845,4.192948,1.323876,0.038276,2.859638,0.024705
1,846,7.213301,2.197869,0.066921,4.973177,0.141497
1,847,5.856736,1.845453,0.025706,4.010827,0.013456
1,848,7.837330,2.723140,0.028909,5.105598,0.074754
1,849,4.007848,1.348299,0.000610,2.656975,0.033422
1,850,5.654228,1.758896,0.021650,3.890811,0.016427
1,851,7.689205,2.487601,0.020421,5.182884,0.076713
1,852,4.831122,1.567959,0.010830,3.242165,0.038845
1,853,5.929800,1.852716,0.020427,4.033291,0.024784
1,854,7.172414,2.023649,0.068761,4.939209,0.035846
1,855,4.650056,1.410348,0.139239,3.100835,0.088553
1,856,7.693017,2.513442,0.040499,5.170137,0.027870
1,857,6.148080,1.796646,0.123337,4.237747,0.075910
1,858,6.311252,1.981677,0.013433,4.307325,0.030461
1,859,5.061713,1.648065,0.044917,3.332634,0.065533
1,860,3.389088,1.055805,0.039731,2.323585,0.060645
1,861,3.448891,1.073508,0.022905,2.368823,0.083282
1,862,7.251913,2.364170,0.029149,4.880912,0.017048
1,863,5.771799,1.778574,0.001021,3.991604,0.019209
1,864,6.027318,1.912974,0.069713,4.015024,0.053686
1,865,5.409621,1.639747,0.034139,3.700531,0.079231
1,866,5.636064,1.687779,0.058182,3.861499,0.055316
1,867,4.129355,1.384439,0.186391,2.744382,0.139603
1,868,5.505330,1.665716,0.015392,3.736869,0.009303
1,869,7.136725,1.970810,0.052261,4.881958,0.060609
1,870,5.111945,1.577769,0.006918,3.192060,0.150484
1,871,5.304369,1.597795,0.127162,3.654185,0.083690
1,872,4.316768,1.305029,0.187770,3.005741,0.338123
1,873,5.715579,1.878583,0.014144,3.834183,0.022423
1,874,4.865072,1.548882,0.259277,3.246454,0.130563
1,875,5.333424,1.570236,0.002855,3.723370,0.011032
1,876,5.010765,1.569194,0.447558,3.335410,0.386208
1,877,5.683146,1.774407,0.384755,3.829071,0.311940
1,878,3.741921,1.141450,0.015598,2.569754,0.010215
1,879,5.969417,1.702127,0.013639,4.265127,0.015928
1,880,6.501517,2.188295,0.012228,4.278172,0.044449
1,881,7.001135,2.114806,0.025116,4.704071,0.085624
1,882,5.528864,1.759818,0.119944,3.567637,0.171095
1,883,6.297411,1.932094,0.030843,4.299507,0.085735
1,884,6.333800,2.028564,0.005500,4.232215,0.052351
1,885,6.375419,2.000139,0.011314,4.348751,0.010478
1,886,6.674019,1.874601,0.158101,4.798432,0.079721
1,887,4.280890,1.437650,0.245766,2.818765,0.137789
1,888,6.826154,1.875671,0.279920,4.943762,0.165074
1,889,4.198730,1.292725,0.069140,2.902299,0.035338
1,890,5.093410,1.496781,0.014052,3.551002,0.025154
1,891,5.207588,1.650323,0.060124,3.396104,0.115489
1,892,5.297530,1.568154,0.015000,3.551599,0.068488
1,893,6.374126,2.033433,0.034785,4.239989,0.030810
1,894,5.439460,1.705629,0.037910,3.620024,0.066475
1,895,4.459949,1.458735,0.080469,2.988683,0.040341
1,896,4.706987,1.457150,0.113706,3.249143,0.078418
1,897,4.825392,1.437505,0.002828,3.381737,0.012866
1,898,5.223118,1.689712,0.010967,3.502432,0.043888
1,899,4.818213,1.468517,0.043101,3.332093,0.042018
1,900,4.636503,1.531406,0.021406,3.068933,0.011767
1,901,6.106235,1.953058,0.030496,4.148329,0.046508
1,902,6.205072,1.778452,0.014641,4.397246,0.020647
1,903,5.937245,1.468717,0.320880,4.399711,0.169048
1,904,5.931039,1.894082,0.000261,4.031919,0.006602
1,905,5.480436,1.517499,0.043874,3.935709,0.055821
1,906,6.101085,1.907522,0.021136,4.173836,0.040884
1,907,5.780370,1.785664,0.049397,3.983486,0.028160
1,908,6.853703,2.009129,0.001082,4.826786,0.003703
1,909,5.965893,1.903535,0.058353,4.022912,0.033254
1,910,7.439132,2.393919,0.001697,5.028743,0.013279
1,911,6.250862,1.906847,0.178867,4.213889,0.115993
1,912,8.171056,2.501219,0.031193,5.638341,0.021246
1,913,7.675603,2.020296,0.009946,5.608586,0.007785
1,914,4.131928,1.026585,0.007636,2.902000,0.026810
1,915,6.007710,1.819828,0.016625,4.172353,0.014341
1,916,7.356379,2.130006,0.003937,5.211067,0.004891
1,917,6.484078,2.196911,0.002082,4.245699,0.004353
1,918,6.136030,1.902043,0.044399,4.205832,0.025766
1,919,4.533000,1.455089,0.003980,3.030071,0.008820
1,920,5.841045,1.796036,0.008037,4.034719,0.008972
1,921,6.268742,1.823461,0.079204,4.349426,0.040281
1,922,6.667111,1.973526,0.008357,4.668547,0.008322
1,923,6.034783,1.977347,0.074152,4.039501,0.087293
1,924,7.223165,2.203817,0.009613,5.012151,0.006099
1,925,6.127336,2.116115,0.046910,4.004019,0.023607
1,926,6.574244,1.753384,0.076235,4.799498,0.052103
1,927,5.449574,1.802340,0.014214,3.599562,0.009388
1,928,5.214821,1.840633,0.051536,3.312760,0.026214
1,929,4.490419,1.316778,0.018316,3.166216,0.037794
1,930,7.424452,2.396124,0.002847,5.025562,0.015260
1,931,5.249369,1.953684,0.048858,3.289335,0.028191
1,932,4.385630,1.493910,0.005874,2.880720,0.099708
1,933,7.348399,2.056039,0.044989,5.280048,0.027446
1,934,4.597325,1.445090,0.130020,3.148559,0.085523
1,935,6.453948,1.849878,0.082476,4.595198,0.059337
1,936,6.264796,1.970510,0.129958,4.293643,0.302601
1,937,5.131786,1.532315,0.002982,3.581450,0.030372
1,938,4.188548,1.298968,0.066023,2.888338,0.038354
1,939,5.064335,1.593666,0.054894,3.444651,0.110329
1,940,3.948732,1.117208,0.116826,2.817430,0.078622
1,941,5.794129,1.731103,0.053311,3.969137,0.027160
1,942,4.781727,1.603085,0.027693,3.116359,0.072985
1,943,4.506921,1.339278,0.000151,3.039612,0.002969
1,944,6.795093,2.218907,0.012792,4.462038,0.012856
1,945,4.979457,1.627052,0.135626,3.253983,0.105384
1,946,6.244092,2.293896,0.193683,3.851580,0.279159
1,947,6.060266,1.853075,0.013942,4.173743,0.023654
1,948,4.909322,1.364256,0.002278,3.527853,0.004979
1,949,10.627409,3.522353,0.013043,7.056252,0.051036
1,950,5.713094,1.579244,0.003110,3.996049,0.018129
1,951,5.081337,1.585910,0.087435,3.326963,0.154234
1,952,5.901502,1.767595,0.049353,3.881459,0.155447
1,953,6.299556,2.147025,0.274735,4.151029,0.169764
1,954,5.271398,1.520926,0.033296,3.684372,0.024005
1,955,4.152783,1.302142,0.020588,2.671734,0.123138
1,956,5.765440,1.617046,0.067491,3.740686,0.078376
1,957,6.152158,1.847804,0.108745,3.904490,0.169583
1,958,6.139556,1.844699,0.046685,4.180023,0.145517
1,959,5.817805,1.841958,0.043967,3.829860,0.033911
1,960,6.546838,1.878600,0.050659,4.668026,0.037879
1,961,6.495234,2.048108,0.004788,4.432532,0.005624
1,962,9.386378,3.374723,0.047739,5.990444,0.026785
1,963,5.252494,1.429354,0.112582,3.411338,0.110987
1,964,4.493958,1.333224,0.144351,3.054770,0.105578
1,965,4.865241,1.477289,0.024794,3.376147,0.016616
1,966,4.283966,1.295312,0.099393,2.988262,0.050656
1,967,6.177521,1.873607,0.097188,4.274093,0.061501
1,968,5.822820,1.697739,0.186824,3.946553,0.124874
1,969,6.056456,1.948140,0.100673,4.021257,0.054306
1,970,4.942512,1.523589,0.169305,3.414824,0.100050
1,971,5.701129,1.757972,0.027121,3.937816,0.023248
1,972,6.669552,2.017361,0.085705,4.610579,0.045555
1,973,4.454940,1.334100,0.012447,3.023963,0.010461
1,974,5.235921,1.741735,0.039422,3.476104,0.063773
1,975,5.120796,1.339814,0.146343,3.579527,0.079095
1,976,6.410931,1.953951,0.003902,4.055942,0.070621
1,977,7.267418,2.350146,0.189281,4.828098,0.224085
1,978,7.048793,2.067704,0.007017,4.970711,0.011915
1,979,4.970592,1.410102,0.152801,3.534387,0.091342
1,980,5.036015,1.537731,0.085235,3.372883,0.077437
1,981,4.429782,1.288094,0.011988,3.011590,0.152626
1,982,5.518281,1.762241,0.004658,3.708634,0.029865
1,983,7.380935,2.167430,0.015573,5.206647,0.019658
1,984,7.332274,2.298329,0.024167,5.012450,0.036901
1,985,5.480895,1.739683,0.014827,3.681995,0.025749
1,986,7.870671,2.404093,0.063403,5.465852,0.032413
1,987,4.868904,1.471387,0.073521,3.390051,0.042143
1,988,7.456866,2.486314,0.125363,4.955651,0.066370
1,989,6.351759,2.044443,0.047918,4.234819,0.034463
1,990,7.366428,2.522458,0.011710,4.766992,0.007537
1,991,4.472435,1.410444,0.006874,2.988204,0.061339
1,992,5.400319,1.512942,0.052520,3.731242,0.118268
1,993,5.015152,1.525964,0.013500,3.421139,0.063938
1,994,6.667360,2.082490,0.101283,4.582991,0.159528
1,995,5.659091,2.050618,0.001593,3.536077,0.002209
1,996,4.980644,1.606105,0.003983,3.338782,0.003680
1,997,5.204018,1.616064,0.040131,3.364168,0.114319
1,998,5.657912,1.688789,0.081793,3.779437,0.154587
1,999,7.631438,2.392312,0.487152,5.147657,0.244772
1,1000,3.446998,1.103059,0.009629,2.309683,0.024324
1,1001,4.885029,1.441855,0.031598,3.436811,0.074389
1,1002,5.560757,1.776345,0.078488,3.760815,0.073765
1,1003,5.321942,1.468090,0.170382,3.715469,0.193779
1,1004,4.703745,1.304970,0.041504,3.302772,0.110796
1,1005,5.055883,1.590430,0.012953,3.457013,0.030598
1,1006,6.098686,1.726008,0.007111,4.361997,0.011452
1,1007,5.213019,1.602046,0.150136,3.551837,0.077381
1,1008,4.998775,1.665626,0.071248,3.293852,0.059005
1,1009,4.108986,1.335064,0.009895,2.703191,0.007033
1,1010,8.679236,2.640012,0.070809,5.995796,0.079992
1,1011,6.219762,2.170029,0.033805,4.023694,0.021016
1,1012,6.484582,1.926560,0.003452,4.535483,0.003893
1,1013,7.177212,2.079585,0.027821,5.058517,0.052056
1,1014,8.371189,2.602981,0.023267,5.764246,0.029488
1,1015,4.730524,1.387660,0.096785,3.340380,0.049601
1,1016,5.206732,1.728523,0.014586,3.469432,0.033996
1,1017,5.880264,1.468102,0.010043,4.308828,0.007024
1,1018,4.326167,1.285419,0.010085,3.025681,0.019028
1,1019,6.746888,2.314303,0.035631,4.408663,0.020943
1,1020,6.350740,2.051832,0.058045,4.234233,0.078745
1,1021,7.363550,2.284583,0.031291,5.008918,0.047807
1,1022,5.570543,1.700076,0.014441,3.861747,0.047845
1,1023,5.088902,1.530141,0.074774,3.557942,0.043040
1,1024,5.571385,1.714722,0.037004,3.845824,0.031888
1,1025,4.450397,1.345846,0.004896,3.069295,0.003865
1,1026,5.106946,1.644813,0.004691,3.438537,0.003806
1,1027,3.014283,0.861514,0.027396,2.120415,0.018434
1,1028,5.100723,1.744476,0.031917,3.328203,0.021402
1,1029,5.738605,1.654430,0.003695,4.079596,0.008114
1,1030,4.705479,1.530668,0.016772,3.164842,0.016456
1,1031,4.935422,1.440594,0.003653,3.492966,0.003927
1,1032,4.553921,1.414675,0.023128,3.138809,0.013194
1,1033,3.692172,1.192346,0.032720,2.465567,0.037874
1,1034,5.014787,1.622379,0.005272,3.386623,0.003628
1,1035,5.558512,1.719004,0.007455,3.831844,0.029046
1,1036,5.398830,1.493103,0.001810,3.904466,0.001885
1,1037,3.721838,1.223980,0.351163,2.481887,0.191283
1,1038,4.205518,1.282654,0.022609,2.917931,0.022038
1,1039,6.594059,2.073066,0.034049,4.510403,0.017865
1,1040,6.330179,2.020480,0.109609,4.301491,0.056266
1,1041,5.854554,1.843961,0.041881,3.891284,0.027391
1,1042,4.208602,1.296995,0.107513,2.894685,0.102673
1,1043,4.543487,1.125314,0.120168,3.413375,0.145463
1,1044,5.407439,1.593523,0.003131,3.807828,0.021479
1,1045,8.772187,2.029155,0.052359,6.735524,0.056811
1,1046,4.777160,1.488641,0.053318,3.260458,0.030681
1,1047,4.488201,1.390212,0.028284,3.096775,0.014376
1,1048,4.583692,1.519532,0.016651,3.062657,0.021365
1,1049,5.932910,1.998030,0.071138,3.910805,0.048906
1,1050,3.669271,1.294894,0.005221,2.370369,0.003840
1,1051,6.616315,1.925677,0.007995,4.663228,0.031879
1,1052,5.823062,1.752945,0.043123,3.986104,0.031382
1,1053,6.727501,1.688354,0.001133,5.013651,0.060681
1,1054,6.590779,1.853838,0.007517,4.725255,0.014611
1,1055,4.637095,1.472603,0.028929,3.145459,0.058202
1,1056,5.083765,1.563632,0.029739,3.519124,0.015781
1,1057,5.247243,1.435505,0.026877,3.734100,0.029833
1,1058,5.739574,1.611374,0.005727,4.094457,0.030047
1,1059,3.997297,1.305217,0.023406,2.674585,0.057507
1,1060,6.010521,1.858442,0.045578,4.051928,0.025190
1,1061,6.624396,1.950687,0.019072,4.630795,0.012242
1,1062,8.204492,2.682315,0.011161,5.496586,0.012632
1,1063,4.898790,1.534509,0.013492,3.355124,0.015746
1,1064,5.455327,1.703800,0.004805,3.746186,0.008785
1,1065,7.849825,2.444995,0.026897,5.399141,0.053885
1,1066,6.874131,2.175234,0.019993,4.697689,0.012114
1,1067,4.361095,1.303084,0.081938,3.047709,0.046933
1,1068,5.103349,1.545650,0.005800,3.543474,0.005307
1,1069,5.644334,1.672025,0.022432,3.954661,0.027953
1,1070,4.391542,1.390672,0.038540,2.972921,0.027683
1,1071,5.801831,1.897322,0.058001,3.880160,0.031095
1,1072,4.702370,1.379550,0.096700,3.288954,0.055083
1,1073,5.039618,1.581146,0.111820,3.450815,0.069146
1,1074,4.724938,1.347178,0.016946,3.358718,0.010995
1,1075,7.004347,2.235500,0.033590,4.719662,0.034751
1,1076,5.071062,1.497837,0.016076,3.572160,0.008107
1,1077,7.241652,2.327749,0.009580,4.907444,0.006535
1,1078,5.057820,1.648101,0.006635,3.395107,0.005927
1,1079,5.118555,1.693059,0.001029,3.424404,0.003864
1,1080,6.187033,2.067626,0.011593,4.091297,0.008507
1,1081,5.003203,1.317786,0.064123,3.684059,0.033931
1,1082,4.216190,1.282253,0.100321,2.931930,0.054199
1,1083,5.673381,1.744704,0.003778,3.922915,0.013203
1,1084,4.466632,1.304650,0.023064,3.161628,0.026251
1,1085,4.818619,1.589142,0.028578,3.199281,0.040038
1,1086,8.562698,2.785576,0.001551,5.771831,0.009962
1,1087,4.017092,1.331268,0.002352,2.682486,0.041697
1,1088,6.007098,1.815341,0.005089,4.162087,0.006743
1,1089,3.971879,1.197595,0.011179,2.743062,0.008572
1,1090,5.219543,1.605959,0.028927,3.520187,0.056019
1,1091,7.580029,2.354018,0.005557,5.199089,0.014509
1,1092,5.054942,1.746768,0.047328,3.285828,0.026003
1,1093,5.559699,1.783887,0.009741,3.759133,0.016379
1,1094,5.605235,1.844890,0.003192,3.760081,0.004595
1,1095,5.005777,1.920267,0.001835,3.075399,0.005022
1,1096,6.621168,1.998507,0.070835,4.620757,0.044929
1,1097,4.160168,1.318026,0.052967,2.784589,0.058427
1,1098,4.826496,1.435484,0.011166,3.383358,0.011595
1,1099,4.293061,1.373554,0.032629,2.906049,0.016749
1,1100,4.823912,1.493732,0.007370,3.319430,0.013146
1,1101,7.489905,2.352064,0.016012,4.983558,0.069035
1,1102,6.522094,1.934461,0.015214,4.540936,0.017976
1,1103,6.352404,1.817143,0.000118,4.464922,0.004859
1,1104,6.057556,1.797639,0.016187,4.257779,0.013695
1,1105,6.956199,2.037025,0.001137,4.911034,0.005383
1,1106,4.198301,1.122583,0.066878,3.071416,0.038765
1,1107,6.025129,1.938315,0.023761,4.047256,0.050831
1,1108,5.142468,1.607511,0.016919,3.533334,0.011358
1,1109,5.519044,1.422683,0.018295,4.081810,0.009292
1,1110,6.948106,2.081523,0.011907,4.756380,0.014944
1,1111,4.694887,1.428683,0.028058,3.220783,0.014345
1,1112,6.138795,2.135952,0.019397,3.977333,0.017137
1,1113,5.731945,1.888810,0.016285,3.829271,0.034211
1,1114,8.501331,2.470876,0.033298,5.989943,0.028556
1,1115,7.668902,2.433289,0.011636,5.208593,0.008179
1,1116,4.490461,1.309064,0.165291,3.140826,0.089843
1,1117,5.256178,1.410912,0.161363,3.823291,0.082793
1,1118,5.619123,1.554009,0.016171,3.999861,0.047364
1,1119,7.263247,2.298949,0.017970,4.925482,0.062096
1,1120,6.507440,1.745324,0.090366,4.626010,0.089909
1,1121,7.151005,2.171693,0.061567,4.930696,0.069991
1,1122,8.734979,2.908672,0.008895,5.786533,0.012372
1,1123,6.286052,1.982571,0.002612,4.266346,0.016103
1,1124,6.059273,1.960902,0.022587,4.024290,0.013617
1,1125,5.253393,1.643252,0.005677,3.605010,0.005645
1,1126,5.896925,1.938703,0.001330,3.930579,0.008418
1,1127,3.982416,1.260214,0.058373,2.705187,0.032440
1,1128,5.776621,1.712970,0.126821,4.051816,0.066805
1,1129,10.528259,3.476487,0.082509,7.020630,0.041336
1,1130,4.460268,1.266214,0.151965,3.168860,0.078205
1,1131,5.734545,1.809262,0.001236,3.875715,0.004499
1,1132,6.818871,1.905891,0.031584,4.898295,0.039913
1,1133,4.880265,1.344817,0.008467,3.535307,0.030873
1,1134,5.027771,1.552898,0.016249,3.466705,0.033415
1,1135,4.984837,1.411732,0.010837,3.564219,0.013159
1,1136,10.486337,3.033076,0.059553,7.379556,0.105235
1,1137,6.804117,1.947315,0.006069,4.808718,0.012671
1,1138,6.888551,2.029824,0.003659,4.850372,0.013089
1,1139,4.134965,1.299303,0.045492,2.768094,0.030853
1,1140,7.181152,1.979396,0.265530,5.185283,0.136639
1,1141,5.543106,1.792356,0.054173,3.731729,0.036381
1,1142,5.494121,1.751044,0.095877,3.714915,0.058125
1,1143,6.361719,1.970846,0.066297,4.284301,0.035117
1,1144,4.764188,1.440078,0.071337,3.284762,0.071652
1,1145,6.109300,2.049043,0.096517,3.977654,0.220721
1,1146,4.773091,1.336877,0.005597,3.421876,0.021042
1,1147,11.968485,3.879378,0.075939,8.071084,0.073240
1,1148,5.436823,1.516916,0.010226,3.843769,0.043372
1,1149,4.742119,1.459289,0.211108,3.198759,0.145370
1,1150,5.526058,1.509886,0.041041,3.911040,0.063323
1,1151,8.181996,2.667263,0.054178,5.347365,0.037702
1,1152,6.974671,2.198436,0.019665,4.660130,0.059152
1,1153,4.668981,1.362419,0.013670,3.290667,0.021882
1,1154,4.392903,1.118414,0.009501,3.181090,0.008336
1,1155,4.375946,1.231219,0.128940,3.004920,0.091324
1,1156,5.251204,1.759366,0.065787,3.386988,0.076061
1,1157,4.427131,1.381216,0.041803,3.039405,0.028069
1,1158,6.707674,2.117252,0.018709,4.558539,0.060618
1,1159,4.557899,1.535636,0.206352,3.019001,0.123892
1,1160,5.383263,1.708603,0.061618,3.647355,0.041458
1,1161,7.870188,2.688667,0.005606,5.150078,0.004744
1,1162,4.925677,1.544125,0.002774,3.293932,0.018869
1,1163,6.569849,2.072791,0.006582,4.423332,0.009528
1,1164,4.656205,1.448419,0.012646,3.175893,0.007726
1,1165,4.279109,1.234051,0.015836,2.835119,0.150339
1,1166,4.424862,1.201472,0.213994,3.213390,0.153997
1,1167,5.824470,1.717786,0.007842,4.102566,0.018484
1,1168,5.180311,1.422327,0.021216,3.742814,0.019740
1,1169,5.218603,1.697134,0.000450,3.519472,0.002522
1,1170,8.044949,2.581147,0.026838,5.345558,0.017449
1,1171,6.273755,1.933388,0.005675,4.336742,0.022882
1,1172,5.197028,1.585477,0.017014,3.605071,0.011394
1,1173,4.398632,1.488036,0.011665,2.889914,0.011188
1,1174,4.674346,1.406826,0.012817,3.199357,0.035242
1,1175,8.533564,2.552352,0.031082,5.837011,0.016975
1,1176,4.388759,1.377503,0.006849,3.004151,0.022490
1,1177,6.607708,2.170983,0.009216,4.429081,0.020968
1,1178,4.880896,1.327175,0.081260,3.553450,0.072805
1,1179,7.359858,2.146251,0.015632,5.174541,0.048099
1,1180,5.499940,1.839695,0.042445,3.566491,0.053809
1,1181,5.271497,1.754601,0.013895,3.467805,0.016276
1,1182,7.371652,2.369611,0.010515,4.995246,0.005963
1,1183,4.622843,1.366000,0.006960,3.252227,0.008980
1,1184,6.795279,2.152301,0.023541,4.638143,0.020653
1,1185,6.770592,2.273890,0.044804,4.489964,0.025558
1,1186,3.832733,1.105446,0.013366,2.727071,0.008213
1,1187,5.430682,1.695290,0.013393,3.723774,0.010018
1,1188,4.988875,1.487617,0.000905,3.472432,0.001544
1,1189,5.619825,1.684602,0.003951,3.861017,0.008009
1,1190,3.839715,1.204130,0.006938,2.635549,0.010236
1,1191,4.588602,1.388025,0.052168,3.172934,0.034280
1,1192,3.217619,1.016420,0.215102,2.200290,0.109721
1,1193,6.563299,2.191409,0.020364,4.358585,0.016378
1,1194,5.915364,1.847093,0.031435,4.040339,0.044785
1,1195,5.410539,1.479046,0.010841,3.846625,0.031125
1,1196,4.819456,1.397380,0.015637,3.406602,0.018955
1,1197,7.719201,2.331782,0.013937,5.360029,0.012143
1,1198,5.008584,1.501104,0.002233,3.489344,0.007519
1,1199,4.630198,1.425923,0.006134,3.162010,0.018313
1,1200,6.256321,2.110034,0.013557,4.132126,0.008339
1,1201,3.628247,1.092357,0.062419,2.506815,0.033856
1,1202,6.912692,2.041968,0.003214,4.870544,0.005095
1,1203,6.627113,1.975686,0.000776,4.641831,0.004058
1,1204,5.375594,1.792390,0.044982,3.566428,0.034335
1,1205,4.688004,1.581566,0.004727,3.022647,0.035924
1,1206,6.136330,1.951429,0.002011,4.175941,0.014473
1,1207,4.773650,1.507735,0.015050,3.244450,0.043142
1,1208,9.499767,3.154428,0.006122,6.322874,0.013486
1,1209,7.328825,2.174618,0.003470,5.143641,0.016041
1,1210,7.201679,2.292924,0.024516,4.900501,0.037119
1,1211,6.073096,1.930952,0.018373,4.121860,0.014739
1,1212,5.108992,1.658905,0.007450,3.418139,0.013543
1,1213,4.681682,1.464410,0.005617,3.131768,0.002913
1,1214,6.492501,2.114946,0.005018,4.270210,0.022357
1,1215,4.165824,1.355933,0.018006,2.602626,0.081517
1,1216,7.110611,2.018839,0.012095,4.986455,0.019692
1,1217,6.998780,1.993535,0.001042,4.962039,0.009488
1,1218,4.562173,1.495037,0.067129,3.062419,0.039885
1,1219,5.663678,1.807621,0.074359,3.827331,0.041562
1,1220,5.690222,1.592784,0.033771,4.078767,0.023881
1,1221,4.911488,1.499499,0.020472,3.386714,0.017745
1,1222,7.317460,2.311020,0.020983,4.957626,0.023471
1,1223,5.570528,1.749833,0.059973,3.820623,0.031926
1,1224,5.691789,1.871810,0.019958,3.697782,0.012624
1,1225,5.025159,1.560115,0.023659,3.443732,0.014030
1,1226,8.337936,2.666994,0.014940,5.622038,0.016147
1,1227,5.105859,1.579395,0.011130,3.494724,0.034933
1,1228,4.594800,1.484918,0.015749,3.108437,0.020399
1,1229,5.126871,1.572701,0.095068,3.483793,0.060363
1,1230,7.336030,2.324974,0.027715,4.963075,0.025016
1,1231,4.192795,1.358874,0.000916,2.821796,0.005170
1,1232,5.081111,1.619953,0.017833,3.425788,0.033804
1,1233,5.245665,1.676956,0.076417,3.568319,0.039176
1,1234,7.090854,2.357551,0.000362,4.726839,0.002868
1,1235,5.527030,1.832294,0.007729,3.662241,0.004533
1,1236,4.688316,1.541854,0.035123,3.144265,0.021404
1,1237,5.048297,1.642386,0.049038,3.382373,0.027578
1,1238,6.599628,2.094857,0.019204,4.504646,0.012200
1,1239,5.653129,1.786085,0.000569,3.863629,0.018969
1,1240,5.319554,1.685163,0.028276,3.623611,0.020073
1,1241,7.639384,2.462504,0.002100,5.170167,0.024044
1,1242,5.105264,1.707050,0.006229,3.398167,0.009102
1,1243,4.386983,1.458686,0.021703,2.926769,0.012016
1,1244,5.053288,1.694012,0.008669,3.340039,0.007384
1,1245,7.019820,2.241827,0.012421,4.753000,0.010582
1,1246,5.336843,1.681348,0.001985,3.646501,0.008809
1,1247,5.843432,1.841897,0.000201,3.990451,0.021201
1,1248,3.126063,1.002547,0.001011,2.096033,0.045975
1,1249,5.058509,1.554817,0.007093,3.484949,0.004632
1,1250,6.139142,2.028193,0.001226,4.090827,0.004323
1,1251,3.245413,1.061754,0.020688,2.149754,0.037747
1,1252,6.616224,2.160074,0.015689,4.395227,0.051718
1,1253,6.124756,1.901522,0.173359,4.204075,0.123130
1,1254,3.543859,1.103372,0.063394,2.435044,0.037193
1,1255,6.186928,1.966428,0.006034,4.220243,0.009392
1,1256,8.380367,2.739765,0.031890,5.568491,0.042305
1,1257,4.497011,1.409762,0.018062,3.079606,0.009648
1,1258,5.471880,1.703266,0.019909,3.730468,0.079180
1,1259,4.772219,1.499567,0.021303,3.217489,0.026839
1,1260,4.675280,1.350922,0.063843,3.279152,0.052663
1,1261,3.474874,1.083191,0.008732,2.375898,0.015978
1,1262,5.236150,1.593909,0.033808,3.561162,0.123746
1,1263,4.041692,1.236091,0.031344,2.714990,0.046014
1,1264,3.830987,1.076729,0.200971,2.743644,0.112723
1,1265,4.087622,1.259014,0.043844,2.827073,0.022158
1,1266,4.917296,1.435679,0.027190,3.455289,0.045907
1,1267,6.536404,2.057980,0.003837,4.351203,0.007200
1,1268,5.629136,1.535324,0.017563,4.049543,0.027359
1,1269,3.823210,1.128623,0.021508,2.638113,0.020469
1,1270,4.043372,1.257046,0.006028,2.723787,0.003449
1,1271,6.175896,2.056172,0.003113,4.103588,0.001794
1,1272,5.804923,1.564376,0.005815,4.233922,0.006136
1,1273,7.483986,2.272151,0.005613,5.205524,0.005965
1,1274,8.144464,2.486910,0.003616,5.651896,0.016452
1,1275,5.900618,1.879341,0.001517,4.015865,0.014413
1,1276,4.318228,1.280801,0.007060,3.034859,0.005841
1,1277,5.195012,1.713210,0.010212,3.478593,0.024998
1,1278,4.554231,1.481316,0.007976,3.042440,0.039365
1,1279,5.189304,1.736694,0.005032,3.426629,0.034206
1,1280,4.152503,1.452429,0.017009,2.689057,0.009363
1,1281,7.897885,2.516596,0.020986,5.380329,0.010844
1,1282,10.654053,3.641214,0.001110,7.008299,0.011276
1,1283,3.927147,1.208894,0.000267,2.684288,0.002515
1,1284,5.069759,1.530148,0.038289,3.472057,0.025823
1,1285,4.950252,1.506383,0.032769,3.416804,0.036990
1,1286,3.162692,0.926412,0.009090,2.233058,0.009927
1,1287,8.501243,2.468808,0.032069,6.024106,0.027863
1,1288,5.740113,1.767901,0.030055,3.946767,0.016158
1,1289,5.010690,1.537477,0.003011,3.470730,0.001532
1,1290,4.732963,1.623820,0.053568,3.083716,0.035967
1,1291,4.449260,1.388424,0.000690,3.049986,0.001156
1,1292,5.801163,1.634862,0.008983,4.161529,0.021549
1,1293,6.126401,2.037515,0.019421,4.085204,0.019930
1,1294,4.486951,1.501881,0.015125,2.974490,0.011373
1,1295,5.116890,1.581068,0.000246,3.529998,0.007800
1,1296,4.624269,1.439425,0.001301,3.181550,0.015047
1,1297,5.805463,1.859155,0.020913,3.932083,0.014902
1,1298,4.901344,1.508048,0.017374,3.357528,0.022492
1,1299,3.431554,1.082718,0.014737,2.306746,0.015369
1,1300,3.642902,1.071774,0.013650,2.568664,0.008445
1,1301,3.793220,1.219803,0.001915,2.573240,0.008823
1,1302,8.063074,2.648671,0.001904,5.395825,0.026779
1,1303,4.952092,1.580569,0.000618,3.365105,0.008223
1,1304,5.224370,1.570242,0.001721,3.637179,0.009683
1,1305,5.811248,1.826005,0.011391,3.935691,0.018840
1,1306,5.902125,1.672526,0.025419,4.198370,0.023408
1,1307,4.592798,1.535316,0.039776,3.055988,0.023112
1,1308,6.586121,1.854387,0.001739,4.691405,0.014494
1,1309,4.052389,1.131655,0.043710,2.894276,0.023307
1,1310,6.559247,1.657638,0.013377,4.869461,0.023528
1,1311,4.922171,1.318111,0.043784,3.539266,0.077059
1,1312,5.966331,1.807451,0.042492,4.154196,0.021299
1,1313,4.707085,1.358430,0.012498,3.343082,0.019749
1,1314,5.199869,1.584075,0.020823,3.613226,0.014126
1,1315,4.750037,1.480897,0.018195,3.254750,0.016264
1,1316,5.845412,1.855756,0.046906,3.941355,0.024323
1,1317,6.961226,2.182645,0.000734,4.666234,0.057283
1,1318,7.229503,1.819986,0.029852,4.547276,0.059584
1,1319,7.382514,2.402219,0.005759,4.961861,0.008842
1,1320,4.375519,1.308186,0.000505,3.063464,0.015342
1,1321,7.231536,2.250142,0.015748,4.940208,0.011840
1,1322,5.258762,1.666321,0.016698,3.579317,0.039660
1,1323,5.651101,1.675651,0.016052,3.973393,0.012326
1,1324,4.711283,1.666731,0.000170,3.039577,0.001640
1,1325,6.116269,1.851698,0.008853,4.257974,0.007996
1,1326,4.234413,1.325784,0.061339,2.906912,0.033056
1,1327,5.913973,1.644853,0.020728,4.261279,0.012776
1,1328,7.150221,2.055884,0.001055,5.079057,0.005591
1,1329,3.540594,1.121277,0.040646,2.388560,0.080362
1,1330,4.887668,1.411487,0.015461,3.318673,0.011524
1,1331,5.756408,1.354874,0.056107,3.868115,0.028323
1,1332,6.757141,2.212736,0.004923,4.533720,0.016086
1,1333,5.820379,1.315814,0.003988,4.099456,0.025847
1,0,4.559460,1.359020,0.001153,3.175170,0.000913
1,1,4.219658,1.405194,0.001756,2.778806,0.001953
1,2,5.078130,1.696346,0.010273,3.365829,0.005392
1,3,4.590283,1.546905,0.015075,2.943412,0.013733
1,4,4.506716,1.520113,0.004558,2.919712,0.012835
1,5,4.115599,1.497728,0.005027,2.567518,0.005407
1,6,5.420033,1.835756,0.003881,3.549786,0.039990
1,7,5.956559,1.671641,0.022005,4.239850,0.021334
1,8,6.628017,1.975372,0.036795,4.521140,0.029760
1,9,4.526168,1.404221,0.009051,3.110041,0.009559
1,10,7.326439,2.294442,0.036621,5.012691,0.022957
1,11,5.559515,1.639289,0.051220,3.856078,0.038417
1,12,3.708637,1.098898,0.104531,2.595463,0.057686
1,13,4.087702,1.292429,0.008785,2.756306,0.021264
1,14,5.463827,1.760812,0.040715,3.675709,0.035351
1,15,6.215354,1.843273,0.008606,4.361926,0.013924
1,16,5.143882,1.481069,0.029321,3.616284,0.015160
1,17,7.395776,2.103119,0.025562,5.269850,0.013025
1,18,9.403777,3.072990,0.008707,6.263610,0.025075
1,19,5.426937,1.727480,0.061981,3.607126,0.065106
1,20,5.550408,1.583462,0.046266,3.919081,0.024835
